Base path: C:/Program Files/Unity/Hub/Editor/2018.2.11f1/Editor/Data
Cmd: initializeCompiler
Cmd: compileComputeKernel
  api=4 insize=18731 outsize=10469 ok=1
Cmd: compileComputeKernel
  error: 2 plat 4 at TexturePadding.compute(1): failed to open source file: 'CoreRP/ShaderLibrary/Common.hlsl'
  api=4 insize=1470 outsize=0 ok=0
Cmd: compileComputeKernel
  api=4 insize=1505 outsize=597 ok=1
Cmd: compileComputeKernel
  error: 2 plat 4 at ShadowBlurMoments.compute(80): failed to open source file: 'CoreRP/ShaderLibrary/Common.hlsl'
  api=4 insize=16784 outsize=0 ok=0
Cmd: compileComputeKernel
  error: 2 plat 4 at ShadowBlurMoments.compute(80): failed to open source file: 'CoreRP/ShaderLibrary/Common.hlsl'
  api=4 insize=16784 outsize=0 ok=0
Cmd: compileComputeKernel
  error: 2 plat 4 at ShadowBlurMoments.compute(80): failed to open source file: 'CoreRP/ShaderLibrary/Common.hlsl'
  api=4 insize=16784 outsize=0 ok=0
Cmd: compileComputeKernel
  error: 2 plat 4 at ShadowBlurMoments.compute(80): failed to open source file: 'CoreRP/ShaderLibrary/Common.hlsl'
  api=4 insize=16784 outsize=0 ok=0
Cmd: compileComputeKernel
  error: 2 plat 4 at ShadowBlurMoments.compute(80): failed to open source file: 'CoreRP/ShaderLibrary/Common.hlsl'
  api=4 insize=16784 outsize=0 ok=0
Cmd: compileComputeKernel
  error: 2 plat 4 at ShadowBlurMoments.compute(80): failed to open source file: 'CoreRP/ShaderLibrary/Common.hlsl'
  api=4 insize=16784 outsize=0 ok=0
Cmd: compileComputeKernel
  error: 2 plat 4 at ShadowBlurMoments.compute(80): failed to open source file: 'CoreRP/ShaderLibrary/Common.hlsl'
  api=4 insize=16784 outsize=0 ok=0
Cmd: compileComputeKernel
  error: 2 plat 4 at ShadowBlurMoments.compute(80): failed to open source file: 'CoreRP/ShaderLibrary/Common.hlsl'
  api=4 insize=16784 outsize=0 ok=0
Cmd: compileComputeKernel
  error: 2 plat 4 at ShadowBlurMoments.compute(80): failed to open source file: 'CoreRP/ShaderLibrary/Common.hlsl'
  api=4 insize=16784 outsize=0 ok=0
Cmd: initializeCompiler
Cmd: compileComputeKernel
  api=4 insize=16784 outsize=6505 ok=1
Cmd: compileComputeKernel
  api=4 insize=16784 outsize=7321 ok=1
Cmd: compileComputeKernel
  api=4 insize=16784 outsize=9673 ok=1
Cmd: compileComputeKernel
  api=4 insize=16784 outsize=7573 ok=1
Cmd: compileComputeKernel
  api=4 insize=16784 outsize=7381 ok=1
Cmd: compileComputeKernel
  api=4 insize=16784 outsize=8501 ok=1
Cmd: compileComputeKernel
  api=4 insize=16784 outsize=8805 ok=1
Cmd: compileComputeKernel
  api=4 insize=16784 outsize=11229 ok=1
Cmd: initializeCompiler
Cmd: initializeCompiler
Cmd: initializeCompiler
Cmd: initializeCompiler
Cmd: initializeCompiler
Cmd: initializeCompiler
